<?xml version="1.0" encoding="UTF-8"?>
<!-- Generated by org.testng.reporters.JUnitReportReporter -->
<testsuite skipped="0" hostname="ESPLD074" name="seleniuminteractions.Frames" tests="1" failures="0" timestamp="13 Sep 2019 12:11:35 GMT" time="26.135" errors="0">
  <testcase name="login" time="26.135" classname="seleniuminteractions.Frames"/>
</testsuite> <!-- seleniuminteractions.Frames -->
