<?xml version="1.0" encoding="UTF-8"?>
<!-- Generated by org.testng.reporters.JUnitReportReporter -->
<testsuite skipped="0" hostname="ESPLD074" name="seleniuminteractions.Selenium" tests="1" failures="0" timestamp="13 Sep 2019 09:05:23 GMT" time="29.494" errors="0">
  <testcase name="login" time="29.494" classname="seleniuminteractions.Selenium"/>
</testsuite> <!-- seleniuminteractions.Selenium -->
